  [1m[35m (14.9ms)[0m  [1m[35mCREATE TABLE "schema_migrations" ("version" character varying NOT NULL PRIMARY KEY)[0m
  [1m[35m (7.2ms)[0m  [1m[35mCREATE TABLE "ar_internal_metadata" ("key" character varying NOT NULL PRIMARY KEY, "value" character varying, "created_at" timestamp(6) NOT NULL, "updated_at" timestamp(6) NOT NULL)[0m
  [1m[35m (0.1ms)[0m  [1m[34mSELECT pg_try_advisory_lock(5083158654021335370)[0m
  [1m[35m (0.4ms)[0m  [1m[34mSELECT "schema_migrations"."version" FROM "schema_migrations" ORDER BY "schema_migrations"."version" ASC[0m
Migrating to CreateTasks (20210210181759)
  [1m[36mTRANSACTION (0.2ms)[0m  [1m[35mBEGIN[0m
  [1m[35m (8.7ms)[0m  [1m[35mCREATE TABLE "tasks" ("id" bigserial primary key, "title" character varying, "description" text, "day" date, "created_at" timestamp(6) NOT NULL, "updated_at" timestamp(6) NOT NULL)[0m
  [1m[36mActiveRecord::SchemaMigration Create (1.7ms)[0m  [1m[32mINSERT INTO "schema_migrations" ("version") VALUES ($1) RETURNING "version"[0m  [["version", "20210210181759"]]
  [1m[36mTRANSACTION (1.4ms)[0m  [1m[35mCOMMIT[0m
  [1m[36mActiveRecord::InternalMetadata Load (1.0ms)[0m  [1m[34mSELECT "ar_internal_metadata".* FROM "ar_internal_metadata" WHERE "ar_internal_metadata"."key" = $1 LIMIT $2[0m  [["key", "environment"], ["LIMIT", 1]]
  [1m[36mTRANSACTION (0.2ms)[0m  [1m[35mBEGIN[0m
  [1m[36mActiveRecord::InternalMetadata Create (0.6ms)[0m  [1m[32mINSERT INTO "ar_internal_metadata" ("key", "value", "created_at", "updated_at") VALUES ($1, $2, $3, $4) RETURNING "key"[0m  [["key", "environment"], ["value", "development"], ["created_at", "2021-02-10 18:30:27.171847"], ["updated_at", "2021-02-10 18:30:27.171847"]]
  [1m[36mTRANSACTION (6.7ms)[0m  [1m[35mCOMMIT[0m
  [1m[35m (0.4ms)[0m  [1m[34mSELECT pg_advisory_unlock(5083158654021335370)[0m
  [1m[35m (0.7ms)[0m  [1m[34mSELECT "schema_migrations"."version" FROM "schema_migrations" ORDER BY "schema_migrations"."version" ASC[0m
  [1m[35m (0.4ms)[0m  [1m[34mSELECT "schema_migrations"."version" FROM "schema_migrations" ORDER BY "schema_migrations"."version" ASC[0m
  [1m[35m (0.4ms)[0m  [1m[34mSELECT "schema_migrations"."version" FROM "schema_migrations" ORDER BY "schema_migrations"."version" ASC[0m
  [1m[35m (0.4ms)[0m  [1m[34mSELECT "schema_migrations"."version" FROM "schema_migrations" ORDER BY "schema_migrations"."version" ASC[0m
  [1m[35m (0.4ms)[0m  [1m[34mSELECT "schema_migrations"."version" FROM "schema_migrations" ORDER BY "schema_migrations"."version" ASC[0m
  [1m[36mTRANSACTION (0.1ms)[0m  [1m[35mBEGIN[0m
  [1m[36mTask Create (0.5ms)[0m  [1m[32mINSERT INTO "tasks" ("title", "description", "day", "created_at", "updated_at") VALUES ($1, $2, $3, $4, $5) RETURNING "id"[0m  [["title", "Nisi qui natus rerum."], ["description", "Occaecati eum deleniti aspernatur."], ["day", "2021-02-08"], ["created_at", "2021-02-10 18:43:19.095812"], ["updated_at", "2021-02-10 18:43:19.095812"]]
  [1m[36mTRANSACTION (0.9ms)[0m  [1m[35mCOMMIT[0m
  [1m[36mTRANSACTION (0.1ms)[0m  [1m[35mBEGIN[0m
  [1m[36mTask Create (0.2ms)[0m  [1m[32mINSERT INTO "tasks" ("title", "description", "day", "created_at", "updated_at") VALUES ($1, $2, $3, $4, $5) RETURNING "id"[0m  [["title", "Illo iste distinctio nisi."], ["description", "Voluptatum enim perferendis delectus."], ["day", "2021-02-28"], ["created_at", "2021-02-10 18:43:19.100330"], ["updated_at", "2021-02-10 18:43:19.100330"]]
  [1m[36mTRANSACTION (0.9ms)[0m  [1m[35mCOMMIT[0m
  [1m[36mTRANSACTION (0.1ms)[0m  [1m[35mBEGIN[0m
  [1m[36mTask Create (0.2ms)[0m  [1m[32mINSERT INTO "tasks" ("title", "description", "day", "created_at", "updated_at") VALUES ($1, $2, $3, $4, $5) RETURNING "id"[0m  [["title", "Eius ducimus qui recusandae."], ["description", "Ut eveniet ipsam ipsum."], ["day", "2021-02-02"], ["created_at", "2021-02-10 18:43:19.104013"], ["updated_at", "2021-02-10 18:43:19.104013"]]
  [1m[36mTRANSACTION (1.0ms)[0m  [1m[35mCOMMIT[0m
  [1m[36mTRANSACTION (0.1ms)[0m  [1m[35mBEGIN[0m
  [1m[36mTask Create (0.2ms)[0m  [1m[32mINSERT INTO "tasks" ("title", "description", "day", "created_at", "updated_at") VALUES ($1, $2, $3, $4, $5) RETURNING "id"[0m  [["title", "Possimus perferendis tenetur autem."], ["description", "Cupiditate ea aut similique."], ["day", "2021-02-04"], ["created_at", "2021-02-10 18:43:19.107823"], ["updated_at", "2021-02-10 18:43:19.107823"]]
  [1m[36mTRANSACTION (0.8ms)[0m  [1m[35mCOMMIT[0m
  [1m[36mTRANSACTION (0.1ms)[0m  [1m[35mBEGIN[0m
  [1m[36mTask Create (0.2ms)[0m  [1m[32mINSERT INTO "tasks" ("title", "description", "day", "created_at", "updated_at") VALUES ($1, $2, $3, $4, $5) RETURNING "id"[0m  [["title", "Non totam velit magni."], ["description", "Quam eos dolorem commodi."], ["day", "2021-02-05"], ["created_at", "2021-02-10 18:43:19.111526"], ["updated_at", "2021-02-10 18:43:19.111526"]]
  [1m[36mTRANSACTION (0.9ms)[0m  [1m[35mCOMMIT[0m
  [1m[36mTRANSACTION (0.1ms)[0m  [1m[35mBEGIN[0m
  [1m[36mTask Create (0.2ms)[0m  [1m[32mINSERT INTO "tasks" ("title", "description", "day", "created_at", "updated_at") VALUES ($1, $2, $3, $4, $5) RETURNING "id"[0m  [["title", "Consequatur unde accusantium sit."], ["description", "Voluptas nihil quaerat quis."], ["day", "2021-02-20"], ["created_at", "2021-02-10 18:43:19.115164"], ["updated_at", "2021-02-10 18:43:19.115164"]]
  [1m[36mTRANSACTION (0.8ms)[0m  [1m[35mCOMMIT[0m
  [1m[36mTRANSACTION (0.1ms)[0m  [1m[35mBEGIN[0m
  [1m[36mTask Create (0.2ms)[0m  [1m[32mINSERT INTO "tasks" ("title", "description", "day", "created_at", "updated_at") VALUES ($1, $2, $3, $4, $5) RETURNING "id"[0m  [["title", "Et id nostrum natus."], ["description", "Sunt praesentium magni sed."], ["day", "2021-02-27"], ["created_at", "2021-02-10 18:43:19.118765"], ["updated_at", "2021-02-10 18:43:19.118765"]]
  [1m[36mTRANSACTION (1.0ms)[0m  [1m[35mCOMMIT[0m
  [1m[36mTRANSACTION (0.1ms)[0m  [1m[35mBEGIN[0m
  [1m[36mTask Create (0.2ms)[0m  [1m[32mINSERT INTO "tasks" ("title", "description", "day", "created_at", "updated_at") VALUES ($1, $2, $3, $4, $5) RETURNING "id"[0m  [["title", "Id qui consequatur ipsa."], ["description", "Deleniti qui et fugiat."], ["day", "2021-02-25"], ["created_at", "2021-02-10 18:43:19.122509"], ["updated_at", "2021-02-10 18:43:19.122509"]]
  [1m[36mTRANSACTION (0.8ms)[0m  [1m[35mCOMMIT[0m
  [1m[36mTRANSACTION (0.1ms)[0m  [1m[35mBEGIN[0m
  [1m[36mTask Create (0.2ms)[0m  [1m[32mINSERT INTO "tasks" ("title", "description", "day", "created_at", "updated_at") VALUES ($1, $2, $3, $4, $5) RETURNING "id"[0m  [["title", "Consequatur sed harum laborum."], ["description", "Et explicabo possimus asperiores."], ["day", "2021-02-07"], ["created_at", "2021-02-10 18:43:19.126000"], ["updated_at", "2021-02-10 18:43:19.126000"]]
  [1m[36mTRANSACTION (0.9ms)[0m  [1m[35mCOMMIT[0m
  [1m[36mTRANSACTION (0.1ms)[0m  [1m[35mBEGIN[0m
  [1m[36mTask Create (0.2ms)[0m  [1m[32mINSERT INTO "tasks" ("title", "description", "day", "created_at", "updated_at") VALUES ($1, $2, $3, $4, $5) RETURNING "id"[0m  [["title", "Dolores ex fuga itaque."], ["description", "Aliquam ducimus repudiandae dolores."], ["day", "2021-02-16"], ["created_at", "2021-02-10 18:43:19.129625"], ["updated_at", "2021-02-10 18:43:19.129625"]]
  [1m[36mTRANSACTION (1.0ms)[0m  [1m[35mCOMMIT[0m
Started GET "/api/v1/tasks" for 127.0.0.1 at 2021-02-10 16:18:55 -0300
  [1m[35m (5.3ms)[0m  [1m[34mSELECT "schema_migrations"."version" FROM "schema_migrations" ORDER BY "schema_migrations"."version" ASC[0m
Processing by Api::V1::TasksController#index as */*
  [1m[36mTask Load (5.4ms)[0m  [1m[34mSELECT "tasks".* FROM "tasks" ORDER BY day DESC[0m
  ↳ app/controllers/api/v1/tasks_controller.rb:8:in `index'
Completed 200 OK in 196ms (Views: 89.7ms | ActiveRecord: 25.1ms | Allocations: 8446)


Started GET "/api/v1/tasks" for 127.0.0.1 at 2021-02-10 16:27:26 -0300
  [1m[35m (1.4ms)[0m  [1m[34mSELECT "schema_migrations"."version" FROM "schema_migrations" ORDER BY "schema_migrations"."version" ASC[0m
Processing by Api::V1::TasksController#index as */*
  [1m[36mTask Load (5.3ms)[0m  [1m[34mSELECT "tasks".* FROM "tasks" ORDER BY day ASC[0m
  ↳ app/controllers/api/v1/tasks_controller.rb:8:in `index'
Completed 200 OK in 187ms (Views: 108.1ms | ActiveRecord: 28.2ms | Allocations: 7585)


Started GET "/api/v1/tasks/4" for 127.0.0.1 at 2021-02-10 16:32:53 -0300
  
SyntaxError (/home/ohannadeziderio/Documents/Desenvolvimento/Personal/todo-ruby/backend/app/controllers/api/v1/tasks_controller.rb:13: syntax error, unexpected local variable or method, expecting `do' or '{' or '('
...ssage: 'Task loaded', data task}, status: :ok
...                           ^~~~
):
  
app/controllers/api/v1/tasks_controller.rb:13: syntax error, unexpected local variable or method, expecting `do' or '{' or '('
app/controllers/api/v1/tasks_controller.rb:13: syntax error, unexpected local variable or method, expecting `do' or '{' or '('
Started GET "/api/v1/tasks/4" for 127.0.0.1 at 2021-02-10 16:34:03 -0300
  
SyntaxError (/home/ohannadeziderio/Documents/Desenvolvimento/Personal/todo-ruby/backend/app/controllers/api/v1/tasks_controller.rb:13: syntax error, unexpected local variable or method, expecting `do' or '{' or '('
...ssage: 'Task loaded', data task}, status: :ok
...                           ^~~~
):
  
app/controllers/api/v1/tasks_controller.rb:13: syntax error, unexpected local variable or method, expecting `do' or '{' or '('
app/controllers/api/v1/tasks_controller.rb:13: syntax error, unexpected local variable or method, expecting `do' or '{' or '('
Started GET "/api/v1/tasks/4" for 127.0.0.1 at 2021-02-10 16:34:15 -0300
  [1m[35m (5.4ms)[0m  [1m[34mSELECT "schema_migrations"."version" FROM "schema_migrations" ORDER BY "schema_migrations"."version" ASC[0m
  
SyntaxError (/home/ohannadeziderio/Documents/Desenvolvimento/Personal/todo-ruby/backend/app/controllers/api/v1/tasks_controller.rb:13: syntax error, unexpected local variable or method, expecting `do' or '{' or '('
...ssage: 'Task loaded', data task}, status: :ok
...                           ^~~~
):
  
app/controllers/api/v1/tasks_controller.rb:13: syntax error, unexpected local variable or method, expecting `do' or '{' or '('
app/controllers/api/v1/tasks_controller.rb:13: syntax error, unexpected local variable or method, expecting `do' or '{' or '('
Started GET "/api/v1/tasks/1" for 127.0.0.1 at 2021-02-10 16:36:41 -0300
  
SyntaxError (/home/ohannadeziderio/Documents/Desenvolvimento/Personal/todo-ruby/backend/app/controllers/api/v1/tasks_controller.rb:13: syntax error, unexpected local variable or method, expecting `do' or '{' or '('
...ssage: 'Task loaded', data task}, status: :ok
...                           ^~~~
):
  
app/controllers/api/v1/tasks_controller.rb:13: syntax error, unexpected local variable or method, expecting `do' or '{' or '('
app/controllers/api/v1/tasks_controller.rb:13: syntax error, unexpected local variable or method, expecting `do' or '{' or '('
Started GET "/api/v1/tasks/1" for 127.0.0.1 at 2021-02-10 16:38:57 -0300
  
SyntaxError (/home/ohannadeziderio/Documents/Desenvolvimento/Personal/todo-ruby/backend/app/controllers/api/v1/tasks_controller.rb:14: syntax error, unexpected local variable or method, expecting `do' or '{' or '('
...ssage: 'Task loaded', data task}, status: :ok
...                           ^~~~
):
  
app/controllers/api/v1/tasks_controller.rb:14: syntax error, unexpected local variable or method, expecting `do' or '{' or '('
app/controllers/api/v1/tasks_controller.rb:14: syntax error, unexpected local variable or method, expecting `do' or '{' or '('
Started GET "/api/v1/tasks/1" for 127.0.0.1 at 2021-02-10 16:40:36 -0300
Processing by Api::V1::TasksController#show as */*
  Parameters: {"id"=>"1"}
  [1m[36mTask Load (2.3ms)[0m  [1m[34mSELECT "tasks".* FROM "tasks" WHERE "tasks"."id" = $1 LIMIT $2[0m  [["id", 1], ["LIMIT", 1]]
  ↳ app/controllers/api/v1/tasks_controller.rb:13:in `show'
Completed 200 OK in 137ms (Views: 3.0ms | ActiveRecord: 24.6ms | Allocations: 6940)


Started GET "/api/v1/tasks/1" for 127.0.0.1 at 2021-02-10 16:40:56 -0300
Processing by Api::V1::TasksController#show as */*
  Parameters: {"id"=>"1"}
  [1m[36mTask Load (2.2ms)[0m  [1m[34mSELECT "tasks".* FROM "tasks" WHERE "tasks"."id" = $1 LIMIT $2[0m  [["id", 1], ["LIMIT", 1]]
  ↳ app/controllers/api/v1/tasks_controller.rb:13:in `show'
Completed 200 OK in 85ms (Views: 2.6ms | ActiveRecord: 19.9ms | Allocations: 3763)


Started GET "/api/v1/tasks/4" for 127.0.0.1 at 2021-02-10 16:41:03 -0300
Processing by Api::V1::TasksController#show as */*
  Parameters: {"id"=>"4"}
  [1m[36mTask Load (2.8ms)[0m  [1m[34mSELECT "tasks".* FROM "tasks" WHERE "tasks"."id" = $1 LIMIT $2[0m  [["id", 4], ["LIMIT", 1]]
  ↳ app/controllers/api/v1/tasks_controller.rb:13:in `show'
Completed 200 OK in 17ms (Views: 3.1ms | ActiveRecord: 2.8ms | Allocations: 644)


Started GET "/api/v1/tasks/12" for 127.0.0.1 at 2021-02-10 16:41:08 -0300
Processing by Api::V1::TasksController#show as */*
  Parameters: {"id"=>"12"}
  [1m[36mTask Load (0.8ms)[0m  [1m[34mSELECT "tasks".* FROM "tasks" WHERE "tasks"."id" = $1 LIMIT $2[0m  [["id", 12], ["LIMIT", 1]]
  ↳ app/controllers/api/v1/tasks_controller.rb:13:in `show'
Completed 404 Not Found in 5ms (ActiveRecord: 0.8ms | Allocations: 519)


  
ActiveRecord::RecordNotFound (Couldn't find Task with 'id'=12):
  
app/controllers/api/v1/tasks_controller.rb:13:in `show'
Started GET "/api/v1/tasks/10" for 127.0.0.1 at 2021-02-10 16:41:14 -0300
Processing by Api::V1::TasksController#show as */*
  Parameters: {"id"=>"10"}
  [1m[36mTask Load (1.4ms)[0m  [1m[34mSELECT "tasks".* FROM "tasks" WHERE "tasks"."id" = $1 LIMIT $2[0m  [["id", 10], ["LIMIT", 1]]
  ↳ app/controllers/api/v1/tasks_controller.rb:13:in `show'
Completed 200 OK in 9ms (Views: 2.0ms | ActiveRecord: 1.4ms | Allocations: 647)


Started GET "/api/v1/tasks/1" for 127.0.0.1 at 2021-02-10 16:41:18 -0300
Processing by Api::V1::TasksController#show as */*
  Parameters: {"id"=>"1"}
  [1m[36mTask Load (1.0ms)[0m  [1m[34mSELECT "tasks".* FROM "tasks" WHERE "tasks"."id" = $1 LIMIT $2[0m  [["id", 1], ["LIMIT", 1]]
  ↳ app/controllers/api/v1/tasks_controller.rb:13:in `show'
Completed 200 OK in 8ms (Views: 1.7ms | ActiveRecord: 1.0ms | Allocations: 627)


Started GET "/api/v1/tasks/1" for 127.0.0.1 at 2021-02-10 16:41:43 -0300
Processing by Api::V1::TasksController#show as */*
  Parameters: {"id"=>"1"}
  [1m[36mTask Load (2.1ms)[0m  [1m[34mSELECT "tasks".* FROM "tasks" WHERE "tasks"."id" = $1 LIMIT $2[0m  [["id", 1], ["LIMIT", 1]]
  ↳ app/controllers/api/v1/tasks_controller.rb:13:in `show'
Completed 200 OK in 89ms (Views: 2.6ms | ActiveRecord: 18.4ms | Allocations: 3793)


